<?xml version="1.0" encoding="utf-8"?><testsuites name="pytest tests"><testsuite name="pytest" errors="0" failures="0" skipped="0" tests="215" time="10.524" timestamp="2026-09-15T01:01:52.176080+08:00" hostname="10.0.0.4"><testcase classname="tests.test_api" name="test_all_data_endpoints_require_identity[/api/bootstrap]" time="0.034" /><testcase classname="tests.test_api" name="test_all_data_endpoints_require_identity[/api/overview]" time="0.026" /><testcase classname="tests.test_api" name="test_all_data_endpoints_require_identity[/api/catalog]" time="0.029" /><testcase classname="tests.test_api" name="test_all_data_endpoints_require_identity[/api/organization]" time="0.025" /><testcase classname="tests.test_api" name="test_all_data_endpoints_require_identity[/api/dashboards]" time="0.025" /><testcase classname="tests.test_api" name="test_all_data_endpoints_require_identity[/api/governance]" time="0.025" /><testcase classname="tests.test_api" name="test_cross_origin_and_unknown_hosts_rejected" time="0.024" /><testcase classname="tests.test_api" name="test_csrf_and_input_whitelist" time="0.056" /><testcase classname="tests.test_api" name="test_overview_works_without_inference" time="0.081" /><testcase classname="tests.test_api" name="test_permission_scope_is_not_taken_from_client_headers" time="0.046" /><testcase classname="tests.test_api" name="test_catalog_and_org_do_not_reveal_unauthorized_data" time="0.047" /><testcase classname="tests.test_api" name="test_dashboards_are_personal_and_plans_are_reexecuted" time="0.070" /><testcase classname="tests.test_api" name="test_revocation_applies_to_saved_dashboard_on_next_request" time="0.051" /><testcase classname="tests.test_api" name="test_disabled_principal_and_expired_session" time="0.040" /><testcase classname="tests.test_api" name="test_read_only_business_connection_rejects_writes" time="0.001" /><testcase classname="tests.test_api" name="test_csv_export_and_caching_headers" time="0.047" /><testcase classname="tests.test_api" name="test_agent_failure_is_visible_and_does_not_fabricate_answer" time="0.082" /><testcase classname="tests.test_api" name="test_agent_cannot_use_another_personas_conversation" time="0.051" /><testcase classname="tests.test_api" name="test_unsupported_filter_is_not_silently_dropped" time="0.053" /><testcase classname="tests.test_api" name="test_detail_intent_preserves_scope_and_time" time="0.101" /><testcase classname="tests.test_api" name="test_new_plans_survive_dashboard_and_csv_roundtrip[plan0]" time="0.062" /><testcase classname="tests.test_api" name="test_new_plans_survive_dashboard_and_csv_roundtrip[plan1]" time="0.066" /><testcase classname="tests.test_api" name="test_new_plans_survive_dashboard_and_csv_roundtrip[plan2]" time="0.073" /><testcase classname="tests.test_api" name="test_new_plans_survive_dashboard_and_csv_roundtrip[plan3]" time="0.072" /><testcase classname="tests.test_api" name="test_dropped_model_school_filter_is_corrected_and_visible_in_debug" time="0.121" /><testcase classname="tests.test_api" name="test_school_catalog_has_no_employee_records" time="0.040" /><testcase classname="tests.test_data" name="test_all_data_invariants" time="0.164" /><testcase classname="tests.test_data" name="test_flexible_shift_boundary" time="0.001" /><testcase classname="tests.test_data" name="test_seed_is_reproducible_and_nonuniform" time="0.489" /><testcase classname="tests.test_data" name="test_validator_detects_corrupt_business_rule" time="0.179" /><testcase classname="tests.test_data" name="test_upgrade_backs_up_both_databases_and_preserves_application" time="0.500" /><testcase classname="tests.test_data" name="test_validator_rejects_invalid_education_and_weekend_hours" time="0.180" /><testcase classname="tests.test_debug" name="test_actual_nodes_capture_model_sql_and_results" time="0.112" /><testcase classname="tests.test_debug" name="test_unsupported_filter_stops_before_model" time="0.041" /><testcase classname="tests.test_debug" name="test_timeout_has_failed_model_node_and_no_sql" time="0.073" /><testcase classname="tests.test_debug" name="test_retry_keeps_both_model_inputs_and_validation_error" time="0.118" /><testcase classname="tests.test_debug" name="test_invalid_json_and_reasoning_prose_are_not_disclosed" time="0.088" /><testcase classname="tests.test_debug" name="test_structured_reasoning_channel_only_exposes_json" time="0.110" /><testcase classname="tests.test_debug" name="test_owner_and_live_grant_checks" time="0.126" /><testcase classname="tests.test_debug" name="test_salary_raw_aggregate_never_enters_debug" time="0.119" /><testcase classname="tests.test_debug" name="test_running_node_visible_before_model_finishes" time="0.108" /><testcase classname="tests.test_debug" name="test_schema_inventory_covers_actual_fields_and_expressions" time="0.079" /><testcase classname="tests.test_debug" name="test_debug_endpoints_require_authentication" time="0.027" /><testcase classname="tests.test_debug" name="test_restart_marks_incomplete_and_retention_is_bounded" time="0.136" /><testcase classname="tests.test_debug" name="test_empty_model_plan_must_retry_instead_of_default_headcount[candidate0]" time="0.122" /><testcase classname="tests.test_debug" name="test_empty_model_plan_must_retry_instead_of_default_headcount[candidate1]" time="0.118" /><testcase classname="tests.test_education_analytics" name="test_calendar_periods[last_quarter-2026-09-11-expected0]" time="0.006" /><testcase classname="tests.test_education_analytics" name="test_calendar_periods[last_quarter-2026-01-09-expected1]" time="0.006" /><testcase classname="tests.test_education_analytics" name="test_calendar_periods[this_quarter-2026-09-11-expected2]" time="0.006" /><testcase classname="tests.test_education_analytics" name="test_calendar_periods[this_year-2026-09-11-expected3]" time="0.006" /><testcase classname="tests.test_education_analytics" name="test_calendar_periods[last_year-2025-03-01-expected4]" time="0.006" /><testcase classname="tests.test_education_analytics" name="test_calendar_periods[last_week-2026-09-11-expected5]" time="0.006" /><testcase classname="tests.test_education_analytics" name="test_calendar_periods[this_week-2026-09-11-expected6]" time="0.006" /><testcase classname="tests.test_education_analytics" name="test_department_doctors_include_descendant_teams_and_match_source" time="0.041" /><testcase classname="tests.test_education_analytics" name="test_last_quarter_doctor_hires_match_event_dates" time="0.032" /><testcase classname="tests.test_education_analytics" name="test_combined_changes_match_independent_events_and_department_rollup" time="0.032" /><testcase classname="tests.test_education_analytics" name="test_departure_details_include_former_staff_dates" time="0.031" /><testcase classname="tests.test_education_analytics" name="test_weekend_overtime_excludes_weekdays_pending_and_rejected" time="0.045" /><testcase classname="tests.test_education_analytics" name="test_multi_school_counts_employees_once_even_with_multiple_degrees" time="0.050" /><testcase classname="tests.test_education_analytics" name="test_school_ratio_denominator_is_not_education_filtered[985]" time="0.046" /><testcase classname="tests.test_education_analytics" name="test_school_ratio_denominator_is_not_education_filtered[211]" time="0.047" /><testcase classname="tests.test_education_analytics" name="test_school_ratio_denominator_is_not_education_filtered[985\u6216211]" time="0.047" /><testcase classname="tests.test_education_analytics" name="test_school_ratio_denominator_is_not_education_filtered[211\u975e985]" time="0.046" /><testcase classname="tests.test_education_analytics" name="test_school_ratio_denominator_is_not_education_filtered[\u53cc\u975e]" time="0.046" /><testcase classname="tests.test_education_analytics" name="test_master_exact_and_master_plus_proportions" time="0.039" /><testcase classname="tests.test_education_analytics" name="test_hiring_cohort_ratio_has_hire_denominator" time="0.030" /><testcase classname="tests.test_education_analytics" name="test_zero_denominator_returns_null_and_explicit_counts" time="0.009" /><testcase classname="tests.test_education_analytics" name="test_new_queries_preserve_cross_organization_boundaries[plan0]" time="0.008" /><testcase classname="tests.test_education_analytics" name="test_new_queries_preserve_cross_organization_boundaries[plan1]" time="0.008" /><testcase classname="tests.test_education_analytics" name="test_new_queries_preserve_cross_organization_boundaries[plan2]" time="0.008" /><testcase classname="tests.test_education_analytics" name="test_new_queries_preserve_cross_organization_boundaries[plan3]" time="0.008" /><testcase classname="tests.test_education_analytics" name="test_education_filters_cannot_narrow_salary_aggregate[plan0]" time="0.007" /><testcase classname="tests.test_education_analytics" name="test_education_filters_cannot_narrow_salary_aggregate[plan1]" time="0.007" /><testcase classname="tests.test_education_analytics" name="test_education_filters_cannot_narrow_salary_aggregate[plan2]" time="0.007" /><testcase classname="tests.test_education_analytics" name="test_education_filters_cannot_narrow_salary_aggregate[plan3]" time="0.007" /><testcase classname="tests.test_education_analytics" name="test_employee_education_results_remain_self_only" time="0.015" /><testcase classname="tests.test_education_analytics" name="test_completed_degree_as_of_date_and_unknown_denominator" time="0.026" /><testcase classname="tests.test_education_analytics" name="test_unknown_or_injected_school_cannot_run" time="0.008" /><testcase classname="tests.test_education_analytics" name="test_legacy_dashboard_keeps_old_assignment_grouping_after_catalog_upgrade" time="0.011" /><testcase classname="tests.test_education_analytics" name="test_explicit_user_conditions_cannot_be_dropped_by_model[\u6309\u6700\u9ad8\u5b66\u5386\u6bd5\u4e1a\u9662\u6821\u7edf\u8ba1\u5728\u804c\u4eba\u6570-expected0]" time="0.006" /><testcase classname="tests.test_education_analytics" name="test_explicit_user_conditions_cannot_be_dropped_by_model[\u5e73\u53f0\u7814\u53d1\u90e8\u73b0\u5728\u7684\u535a\u58eb\u4eba\u6570-expected1]" time="0.006" /><testcase classname="tests.test_education_analytics" name="test_explicit_user_conditions_cannot_be_dropped_by_model[\u4e0a\u5b63\u5ea6\u6574\u4e2a\u516c\u53f8\u5165\u804c\u7684\u535a\u58eb\u4eba\u6570-expected2]" time="0.005" /><testcase classname="tests.test_education_analytics" name="test_explicit_user_conditions_cannot_be_dropped_by_model[\u6574\u4e2a\u516c\u53f8\u4eca\u5e74\u5404\u90e8\u95e8\u5165\u804c\u548c\u79bb\u804c\u4eba\u6570\u7edf\u8ba1-expected3]" time="0.006" /><testcase classname="tests.test_education_analytics" name="test_explicit_user_conditions_cannot_be_dropped_by_model[\u5404\u90e8\u95e8\u5468\u672b\u52a0\u73ed\u7684\u603b\u5de5\u65f6-expected4]" time="0.006" /><testcase classname="tests.test_education_analytics" name="test_explicit_user_conditions_cannot_be_dropped_by_model[\u6e05\u534e\u548c\u5317\u5927\u6bd5\u4e1a\u7684\u5458\u5de5\u6570\u91cf-expected5]" time="0.005" /><testcase classname="tests.test_education_analytics" name="test_explicit_user_conditions_cannot_be_dropped_by_model[\u5e73\u53f0\u7814\u53d1\u90e8211/985\u6bd5\u4e1a\u4eba\u6570\u6bd4\u4f8b-expected6]" time="0.006" /><testcase classname="tests.test_education_analytics" name="test_explicit_user_conditions_cannot_be_dropped_by_model[\u5e73\u53f0\u7814\u53d1\u90e8\u7855\u58eb\u53ca\u4ee5\u4e0a\u5b66\u5386\u7684\u6bd4\u4f8b-expected7]" time="0.005" /><testcase classname="tests.test_education_analytics" name="test_explicit_user_conditions_cannot_be_dropped_by_model[\u4e0a\u5b63\u5ea6\u5165\u804c\u5458\u5de5\u4e2d\u535a\u58eb\u5360\u6bd4-expected8]" time="0.005" /><testcase classname="tests.test_education_analytics" name="test_unmodeled_or_sensitive_combinations_are_explicit[\u6e05\u534e\u548c\u5317\u5927\u5206\u522b\u6709\u591a\u5c11\u6bd5\u4e1a\u5458\u5de5]" time="0.006" /><testcase classname="tests.test_education_analytics" name="test_unmodeled_or_sensitive_combinations_are_explicit[\u535a\u58eb\u540e\u4eba\u6570]" time="0.005" /><testcase classname="tests.test_education_analytics" name="test_unmodeled_or_sensitive_combinations_are_explicit[\u53cc\u4e00\u6d41\u6bd5\u4e1a\u4eba\u6570]" time="0.005" /><testcase classname="tests.test_education_analytics" name="test_unmodeled_or_sensitive_combinations_are_explicit[\u54c8\u4f5b\u5927\u5b66\u6bd5\u4e1a\u4eba\u6570]" time="0.006" /><testcase classname="tests.test_education_analytics" name="test_unmodeled_or_sensitive_combinations_are_explicit[\u6e05\u534e\u6bd5\u4e1a\u4eba\u5458\u5e73\u5747\u85aa\u8d44]" time="0.006" /><testcase classname="tests.test_education_analytics" name="test_unmodeled_or_sensitive_combinations_are_explicit[\u6309\u90e8\u95e8\u548c\u6708\u4efd\u7edf\u8ba1\u5165\u79bb\u804c]" time="0.006" /><testcase classname="tests.test_education_analytics" name="test_hire_department_survives_later_cross_department_transfer" time="0.051" /><testcase classname="tests.test_education_analytics" name="test_school_details_show_matching_history_even_when_highest_school_differs" time="0.013" /><testcase classname="tests.test_education_analytics" name="test_explicit_relation_is_preserved[\u6211\u6709\u591a\u5c11\u76f4\u5c5e\u4e0b\u5c5e\uff1f-direct]" time="0.006" /><testcase classname="tests.test_education_analytics" name="test_explicit_relation_is_preserved[\u67e5\u770b\u6211\u672c\u6708\u7684\u8003\u52e4\u5f02\u5e38\u660e\u7ec6-self]" time="0.006" /><testcase classname="tests.test_education_analytics" name="test_explicit_relation_is_preserved[\u6211\u7684\u95f4\u63a5\u4e0b\u5c5e\u6709\u591a\u5c11\u535a\u58eb-indirect]" time="0.005" /><testcase classname="tests.test_query" name="test_ceo_scope_matches_independent_manager_walk" time="0.008" /><testcase classname="tests.test_query" name="test_headcount_matches_database_and_groups_sum" time="0.014" /><testcase classname="tests.test_query" name="test_manager_cannot_reach_other_divisions" time="0.009" /><testcase classname="tests.test_query" name="test_private_field_not_a_plan_capability" time="0.005" /><testcase classname="tests.test_query" name="test_salary_is_bound_to_role_and_safe_query_shape" time="0.014" /><testcase classname="tests.test_query" name="test_metrics_compile_and_are_finite[headcount]" time="0.010" /><testcase classname="tests.test_query" name="test_metrics_compile_and_are_finite[hires]" time="0.011" /><testcase classname="tests.test_query" name="test_metrics_compile_and_are_finite[departures]" time="0.011" /><testcase classname="tests.test_query" name="test_metrics_compile_and_are_finite[turnover_rate]" time="0.012" /><testcase classname="tests.test_query" name="test_metrics_compile_and_are_finite[avg_tenure]" time="0.011" /><testcase classname="tests.test_query" name="test_metrics_compile_and_are_finite[attendance_rate]" time="0.013" /><testcase classname="tests.test_query" name="test_metrics_compile_and_are_finite[late_count]" time="0.014" /><testcase classname="tests.test_query" name="test_metrics_compile_and_are_finite[late_rate]" time="0.013" /><testcase classname="tests.test_query" name="test_metrics_compile_and_are_finite[abnormal_count]" time="0.013" /><testcase classname="tests.test_query" name="test_metrics_compile_and_are_finite[approved_overtime_hours]" time="0.011" /><testcase classname="tests.test_query" name="test_metrics_compile_and_are_finite[late_departure_hours]" time="0.013" /><testcase classname="tests.test_query" name="test_metrics_compile_and_are_finite[avg_work_hours]" time="0.014" /><testcase classname="tests.test_query" name="test_metrics_compile_and_are_finite[leave_days]" time="0.011" /><testcase classname="tests.test_query" name="test_overtime_never_equals_observed_late_departure_by_default" time="0.018" /><testcase classname="tests.test_query" name="test_employee_only_sees_self_in_details" time="0.009" /><testcase classname="tests.test_query" name="test_history_trend_has_six_distinct_snapshots" time="0.013" /><testcase classname="tests.test_query" name="test_future_query_is_rejected" time="0.008" /><testcase classname="tests.test_query" name="test_daily_attendance_compiled_cte_is_readable" time="0.021" /><testcase classname="tests.test_query" name="test_salary_complementary_suppression_blocks_total_subtraction" time="0.011" /><testcase classname="tests.test_semantics" name="test_registry_exactly_covers_schema_and_references" time="0.055" /><testcase classname="tests.test_semantics" name="test_metadata_and_salary_are_permission_filtered" time="0.083" /><testcase classname="tests.test_semantics" name="test_registry_idempotent_and_revision_pinned" time="0.024" /><testcase classname="tests.test_semantics" name="test_colloquial_retrieval_regressions[\u54b1\u4eec\u516c\u53f8\u773c\u4e0b\u591a\u5c11\u4eba-headcount]" time="0.037" /><testcase classname="tests.test_semantics" name="test_colloquial_retrieval_regressions[\u8fd9\u4e2a\u6708\u529e\u5165\u804c\u624b\u7eed\u7684\u6709\u51e0\u4f4d-hires]" time="0.034" /><testcase classname="tests.test_semantics" name="test_colloquial_retrieval_regressions[\u672c\u6708\u6279\u51c6\u7684\u989d\u5916\u5de5\u4f5c\u65f6\u957f\u6709\u591a\u4e45-approved_overtime_hours]" time="0.035" /><testcase classname="tests.test_semantics" name="test_colloquial_retrieval_regressions[\u672c\u6708\u5927\u5bb6\u665a\u79bb\u5c97\u4e86\u591a\u4e45-late_departure_hours]" time="0.036" /><testcase classname="tests.test_semantics" name="test_colloquial_retrieval_regressions[\u6700\u8fd1\u5458\u5de5\u8bf7\u4e86\u51e0\u5929\u5047-leave_days]" time="0.035" /><testcase classname="tests.test_semantics" name="test_colloquial_retrieval_regressions[\u8fd9\u4e00\u5b63\u5ea6\u65b0\u6765\u591a\u5c11\u535a\u58eb-hires]" time="0.036" /><testcase classname="tests.test_semantics" name="test_colloquial_retrieval_regressions[\u90e8\u95e8\u91cc\u7814\u7a76\u751f\u5360\u6bd4\u5462-education_ratio]" time="0.035" /><testcase classname="tests.test_semantics" name="test_colloquial_retrieval_regressions[\u8fd9\u6708\u6253\u5361\u8fdf\u5230\u7d2f\u8ba1\u51e0\u6b21-late_count]" time="0.035" /><testcase classname="tests.test_semantics" name="test_colloquial_retrieval_regressions[\u6700\u8fd1\u4e00\u4e2a\u6708\u51fa\u52e4\u7387\u600e\u4e48\u6837-attendance_rate]" time="0.036" /><testcase classname="tests.test_semantics" name="test_colloquial_retrieval_regressions[\u4eca\u5e74\u5404\u90e8\u95e8\u8fdb\u51fa\u4eba\u5458\u548c\u51c0\u589e\u4e00\u8d77\u770b-workforce_changes]" time="0.035" /><testcase classname="tests.test_semantics" name="test_colloquial_retrieval_regressions[\u5468\u516d\u5468\u65e5\u52a0\u73ed\u4e00\u5171\u591a\u957f\u65f6\u95f4-weekend_overtime_hours]" time="0.035" /><testcase classname="tests.test_semantics" name="test_colloquial_retrieval_regressions[\u73b0\u5728\u5e73\u5747\u53f8\u9f84\u51e0\u4e2a\u6708-avg_tenure]" time="0.038" /><testcase classname="tests.test_semantics" name="test_colloquial_retrieval_regressions[\u672c\u6708\u79bb\u804c\u7387\u591a\u5c11-turnover_rate]" time="0.035" /><testcase classname="tests.test_semantics" name="test_colloquial_retrieval_regressions[\u57fa\u672c\u6708\u85aa\u5747\u503c\u6309\u4e8b\u4e1a\u90e8\u770b-avg_salary]" time="0.035" /><testcase classname="tests.test_semantics" name="test_explicit_metadata_loop_is_real_and_bounded" time="0.133" /><testcase classname="tests.test_semantics" name="test_unread_metric_automatically_disclosed_and_replanned" time="0.133" /><testcase classname="tests.test_semantics" name="test_repeated_inspection_ends_without_sql" time="0.141" /><testcase classname="tests.test_semantics" name="test_model_inspection_cannot_read_unauthorized_ids[metric:avg_salary]" time="0.082" /><testcase classname="tests.test_semantics" name="test_model_inspection_cannot_read_unauthorized_ids[sessions.token_hash]" time="0.083" /><testcase classname="tests.test_semantics" name="test_model_inspection_cannot_read_unauthorized_ids[invented.field]" time="0.083" /><testcase classname="tests.test_semantics" name="test_planned_metric_is_disclosed_but_never_compiled" time="0.080" /><testcase classname="tests.test_semantics" name="test_inspect_is_not_a_direct_query_plan" time="0.038" /><testcase classname="tests.test_semantics" name="test_workflow_descriptor_is_compiled_graph" time="0.088" /><testcase classname="tests.test_semantics" name="test_revocation_during_model_prevents_execution" time="0.081" /><testcase classname="tests.test_semantics" name="test_one_repair_plus_two_inspections_is_maximum_four_calls" time="0.185" /><testcase classname="tests.test_semantics" name="test_env_cannot_enable_remote_tracing" time="0.001" /><testcase classname="tests.test_semantics" name="test_unknown_or_mixed_education_conditions_never_dropped" time="0.045" /><testcase classname="tests.test_semantics" name="test_average_daily_work_is_not_a_second_grouping_dimension" time="0.026" /><testcase classname="tests.test_semantics" name="test_minimum_education_phrasing_preserves_range[\u81f3\u5c11\u662f\u7855\u58eb\u7814\u7a76\u751f]" time="0.025" /><testcase classname="tests.test_semantics" name="test_minimum_education_phrasing_preserves_range[\u4e0d\u4f4e\u4e8e\u7855\u58eb]" time="0.025" /><testcase classname="tests.test_semantics" name="test_minimum_education_phrasing_preserves_range[\u81f3\u5c11\u4e3a\u672c\u79d1]" time="0.024" /><testcase classname="tests.test_v2_api" name="test_http_session_csrf_query_and_verify" time="0.088" /><testcase classname="tests.test_v2_api" name="test_http_roles_export_and_cross_origin" time="0.105" /><testcase classname="tests.test_v2_api" name="test_revoked_session_cannot_continue" time="0.066" /><testcase classname="tests.test_v2_api" name="test_details_toggle_and_history_revocation" time="0.233" /><testcase classname="tests.test_v2_api" name="test_literal_condition_guard_and_followup" time="0.000" /><testcase classname="tests.test_v2_auth" name="test_only_question_and_relation_fields" time="0.012" /><testcase classname="tests.test_v2_auth" name="test_reference_integrity_and_dates" time="0.010" /><testcase classname="tests.test_v2_auth" name="test_inherited_cross_line_grants" time="0.011" /><testcase classname="tests.test_v2_auth" name="test_hrbp_service_is_not_transitive_management" time="0.011" /><testcase classname="tests.test_v2_auth" name="test_manager_and_employee" time="0.019" /><testcase classname="tests.test_v2_auth" name="test_unbounded_depth_and_cycle_failure" time="0.013" /><testcase classname="tests.test_v2_auth" name="test_missing_manager_and_valid_hrbp_self" time="0.012" /><testcase classname="tests.test_v2_auth" name="test_policy_preview_apply_revoke_and_conflict" time="0.079" /><testcase classname="tests.test_v2_auth" name="test_policy_and_field_boundaries" time="0.009" /><testcase classname="tests.test_v2_graph" name="test_real_graph_inspection_and_condition_repair" time="0.078" /><testcase classname="tests.test_v2_graph" name="test_policy_changed_during_model_call_rejects_execution" time="0.076" /><testcase classname="tests.test_v2_graph" name="test_explicit_date_binding_is_reported_not_raw_model_success" time="0.069" /><testcase classname="tests.test_v2_graph" name="test_history_restore_preserves_multiturn_fields" time="0.208" /><testcase classname="tests.test_v2_graph" name="test_missing_previous_and_failed_previous_are_not_replayed" time="0.069" /><testcase classname="tests.test_v2_graph" name="test_doctor_degree_count_uses_graduation_cutoff" time="0.087" /><testcase classname="tests.test_v2_graph" name="test_same_question_cohort_does_not_need_history" time="0.065" /><testcase classname="tests.test_v2_graph" name="test_leading_anaphor_requires_history" time="0.043" /><testcase classname="tests.test_v2_queries" name="test_twenty_queries_against_independent_person_reference[HR-01]" time="0.037" /><testcase classname="tests.test_v2_queries" name="test_twenty_queries_against_independent_person_reference[HR-02]" time="0.039" /><testcase classname="tests.test_v2_queries" name="test_twenty_queries_against_independent_person_reference[HR-03]" time="0.037" /><testcase classname="tests.test_v2_queries" name="test_twenty_queries_against_independent_person_reference[HR-04]" time="0.038" /><testcase classname="tests.test_v2_queries" name="test_twenty_queries_against_independent_person_reference[HR-05]" time="0.043" /><testcase classname="tests.test_v2_queries" name="test_twenty_queries_against_independent_person_reference[HR-06]" time="0.038" /><testcase classname="tests.test_v2_queries" name="test_twenty_queries_against_independent_person_reference[HR-07]" time="0.043" /><testcase classname="tests.test_v2_queries" name="test_twenty_queries_against_independent_person_reference[HR-08]" time="0.037" /><testcase classname="tests.test_v2_queries" name="test_twenty_queries_against_independent_person_reference[HR-09]" time="0.044" /><testcase classname="tests.test_v2_queries" name="test_twenty_queries_against_independent_person_reference[HR-10]" time="0.038" /><testcase classname="tests.test_v2_queries" name="test_twenty_queries_against_independent_person_reference[HR-11]" time="0.038" /><testcase classname="tests.test_v2_queries" name="test_twenty_queries_against_independent_person_reference[HR-12]" time="0.042" /><testcase classname="tests.test_v2_queries" name="test_twenty_queries_against_independent_person_reference[HR-13]" time="0.037" /><testcase classname="tests.test_v2_queries" name="test_twenty_queries_against_independent_person_reference[HR-14]" time="0.040" /><testcase classname="tests.test_v2_queries" name="test_twenty_queries_against_independent_person_reference[HR-15]" time="0.044" /><testcase classname="tests.test_v2_queries" name="test_twenty_queries_against_independent_person_reference[HR-16]" time="0.038" /><testcase classname="tests.test_v2_queries" name="test_twenty_queries_against_independent_person_reference[HR-17]" time="0.038" /><testcase classname="tests.test_v2_queries" name="test_twenty_queries_against_independent_person_reference[HR-18]" time="0.038" /><testcase classname="tests.test_v2_queries" name="test_twenty_queries_against_independent_person_reference[HR-19]" time="0.038" /><testcase classname="tests.test_v2_queries" name="test_twenty_queries_against_independent_person_reference[HR-20]" time="0.037" /><testcase classname="tests.test_v2_queries" name="test_all_pages_filter_and_total_consistency" time="0.020" /><testcase classname="tests.test_v2_queries" name="test_scope_intersection_and_sensitive_dependencies" time="0.013" /><testcase classname="tests.test_v2_queries" name="test_history_owner_data_and_policy_revocation" time="0.087" /><testcase classname="tests.test_v2_queries" name="test_result_summary_uses_verified_numerator_denominator" time="0.028" /><testcase classname="tests.test_v2_queries" name="test_drill_dept_ratio_and_month" time="0.058" /><testcase classname="tests.test_v2_queries" name="test_unknown_education_and_zero_months" time="0.017" /><testcase classname="tests.test_v2_queries" name="test_data_change_revokes_history" time="0.044" /><testcase classname="tests.test_v2_queries" name="test_sql_values_do_not_become_sql" time="0.015" /><testcase classname="tests.test_v2_queries" name="test_history_invalidates_for_access_and_relationship_changes[inheritance]" time="0.077" /><testcase classname="tests.test_v2_queries" name="test_history_invalidates_for_access_and_relationship_changes[education_fields]" time="0.075" /><testcase classname="tests.test_v2_queries" name="test_history_invalidates_for_access_and_relationship_changes[details]" time="0.076" /><testcase classname="tests.test_v2_queries" name="test_history_invalidates_for_access_and_relationship_changes[export]" time="0.076" /><testcase classname="tests.test_v2_queries" name="test_history_invalidates_for_access_and_relationship_changes[manager_edge]" time="0.051" /><testcase classname="tests.test_v2_queries" name="test_history_invalidates_for_access_and_relationship_changes[hrbp_edge]" time="0.049" /><testcase classname="tests.test_v2_queries" name="test_rounding_half_up_and_null_age_sample" time="0.025" /><testcase classname="tests.test_v2_queries" name="test_hidden_population_dependency_and_invalid_number_filter" time="0.034" /></testsuite></testsuites>